<?xml version="1.0" encoding="UTF-8"?>
<coverage generated="1556871105319" clover="3.2.0">
  <project timestamp="1556871105320" name="All files">
    <metrics statements="17" coveredstatements="11" conditionals="9" coveredconditionals="2" methods="7" coveredmethods="7" elements="33" coveredelements="20" complexity="0" loc="17" ncloc="17" packages="2" files="3" classes="3"/>
    <package name="src">
      <metrics statements="15" coveredstatements="9" conditionals="9" coveredconditionals="2" methods="5" coveredmethods="5"/>
      <file name="index.js" path="/home/sergye/hexlet/projects/page-loader/src/index.js">
        <metrics statements="15" coveredstatements="9" conditionals="9" coveredconditionals="2" methods="5" coveredmethods="5"/>
        <line num="8" count="2" type="stmt"/>
        <line num="9" count="2" type="stmt"/>
        <line num="11" count="2" type="stmt"/>
        <line num="13" count="1" type="stmt"/>
        <line num="14" count="1" type="stmt"/>
        <line num="15" count="1" type="stmt"/>
        <line num="17" count="1" type="cond" truecount="1" falsecount="1"/>
        <line num="18" count="1" type="cond" truecount="1" falsecount="1"/>
        <line num="19" count="1" type="stmt"/>
        <line num="21" count="0" type="cond" truecount="0" falsecount="2"/>
        <line num="22" count="0" type="stmt"/>
        <line num="23" count="0" type="cond" truecount="0" falsecount="2"/>
        <line num="24" count="0" type="stmt"/>
        <line num="27" count="0" type="stmt"/>
        <line num="28" count="0" type="stmt"/>
      </file>
    </package>
    <package name="src.lib">
      <metrics statements="2" coveredstatements="2" conditionals="0" coveredconditionals="0" methods="2" coveredmethods="2"/>
      <file name="axios.js" path="/home/sergye/hexlet/projects/page-loader/src/lib/axios.js">
        <metrics statements="1" coveredstatements="1" conditionals="0" coveredconditionals="0" methods="0" coveredmethods="0"/>
        <line num="4" count="1" type="stmt"/>
      </file>
      <file name="helpers.js" path="/home/sergye/hexlet/projects/page-loader/src/lib/helpers.js">
        <metrics statements="1" coveredstatements="1" conditionals="0" coveredconditionals="0" methods="2" coveredmethods="2"/>
        <line num="1" count="19" type="stmt"/>
      </file>
    </package>
  </project>
</coverage>
