{"/home/sergye/hexlet/projects/page-loader/src/index.js": {"path":"/home/sergye/hexlet/projects/page-loader/src/index.js","statementMap":{"0":{"start":{"line":8,"column":19},"end":{"line":8,"column":31}},"1":{"start":{"line":9,"column":19},"end":{"line":9,"column":53}},"2":{"start":{"line":11,"column":2},"end":{"line":29,"column":7}},"3":{"start":{"line":13,"column":20},"end":{"line":13,"column":31}},"4":{"start":{"line":14,"column":18},"end":{"line":14,"column":46}},"5":{"start":{"line":15,"column":16},"end":{"line":15,"column":75}},"6":{"start":{"line":17,"column":6},"end":{"line":25,"column":7}},"7":{"start":{"line":18,"column":8},"end":{"line":20,"column":9}},"8":{"start":{"line":19,"column":10},"end":{"line":19,"column":99}},"9":{"start":{"line":21,"column":13},"end":{"line":25,"column":7}},"10":{"start":{"line":22,"column":8},"end":{"line":22,"column":105}},"11":{"start":{"line":23,"column":13},"end":{"line":25,"column":7}},"12":{"start":{"line":24,"column":8},"end":{"line":24,"column":102}},"13":{"start":{"line":27,"column":6},"end":{"line":27,"column":25}},"14":{"start":{"line":28,"column":6},"end":{"line":28,"column":65}}},"fnMap":{"0":{"name":"(anonymous_0)","decl":{"start":{"line":7,"column":15},"end":{"line":7,"column":16}},"loc":{"start":{"line":7,"column":42},"end":{"line":30,"column":1}},"line":7},"1":{"name":"(anonymous_1)","decl":{"start":{"line":13,"column":10},"end":{"line":13,"column":11}},"loc":{"start":{"line":13,"column":20},"end":{"line":13,"column":31}},"line":13},"2":{"name":"(anonymous_2)","decl":{"start":{"line":14,"column":10},"end":{"line":14,"column":11}},"loc":{"start":{"line":14,"column":18},"end":{"line":14,"column":46}},"line":14},"3":{"name":"(anonymous_3)","decl":{"start":{"line":15,"column":10},"end":{"line":15,"column":11}},"loc":{"start":{"line":15,"column":16},"end":{"line":15,"column":75}},"line":15},"4":{"name":"(anonymous_4)","decl":{"start":{"line":16,"column":11},"end":{"line":16,"column":12}},"loc":{"start":{"line":16,"column":22},"end":{"line":29,"column":5}},"line":16}},"branchMap":{"0":{"loc":{"start":{"line":7,"column":21},"end":{"line":7,"column":37}},"type":"default-arg","locations":[{"start":{"line":7,"column":34},"end":{"line":7,"column":37}}],"line":7},"1":{"loc":{"start":{"line":17,"column":6},"end":{"line":25,"column":7}},"type":"if","locations":[{"start":{"line":17,"column":6},"end":{"line":25,"column":7}},{"start":{"line":17,"column":6},"end":{"line":25,"column":7}}],"line":17},"2":{"loc":{"start":{"line":18,"column":8},"end":{"line":20,"column":9}},"type":"if","locations":[{"start":{"line":18,"column":8},"end":{"line":20,"column":9}},{"start":{"line":18,"column":8},"end":{"line":20,"column":9}}],"line":18},"3":{"loc":{"start":{"line":21,"column":13},"end":{"line":25,"column":7}},"type":"if","locations":[{"start":{"line":21,"column":13},"end":{"line":25,"column":7}},{"start":{"line":21,"column":13},"end":{"line":25,"column":7}}],"line":21},"4":{"loc":{"start":{"line":23,"column":13},"end":{"line":25,"column":7}},"type":"if","locations":[{"start":{"line":23,"column":13},"end":{"line":25,"column":7}},{"start":{"line":23,"column":13},"end":{"line":25,"column":7}}],"line":23}},"s":{"0":2,"1":2,"2":2,"3":1,"4":1,"5":1,"6":1,"7":1,"8":1,"9":0,"10":0,"11":0,"12":0,"13":0,"14":0},"f":{"0":2,"1":1,"2":1,"3":1,"4":1},"b":{"0":[0],"1":[1,0],"2":[1,0],"3":[0,0],"4":[0,0]},"_coverageSchema":"43e27e138ebf9cfc5966b082cf9a028302ed4184","hash":"ac882d719b74f87bca52e1b849c2a264d27a78c7"}
,"/home/sergye/hexlet/projects/page-loader/src/lib/axios.js": {"path":"/home/sergye/hexlet/projects/page-loader/src/lib/axios.js","statementMap":{"0":{"start":{"line":4,"column":0},"end":{"line":4,"column":37}}},"fnMap":{},"branchMap":{},"s":{"0":1},"f":{},"b":{},"_coverageSchema":"43e27e138ebf9cfc5966b082cf9a028302ed4184","hash":"8bd8022255d8eb0b581d6d837c20a55b0bcd225c"}
,"/home/sergye/hexlet/projects/page-loader/src/lib/helpers.js": {"path":"/home/sergye/hexlet/projects/page-loader/src/lib/helpers.js","statementMap":{"0":{"start":{"line":1,"column":22},"end":{"line":1,"column":96}},"1":{"start":{"line":1,"column":68},"end":{"line":1,"column":69}}},"fnMap":{"0":{"name":"(anonymous_0)","decl":{"start":{"line":1,"column":15},"end":{"line":1,"column":16}},"loc":{"start":{"line":1,"column":22},"end":{"line":1,"column":96}},"line":1},"1":{"name":"(anonymous_1)","decl":{"start":{"line":1,"column":63},"end":{"line":1,"column":64}},"loc":{"start":{"line":1,"column":68},"end":{"line":1,"column":69}},"line":1}},"branchMap":{},"s":{"0":3,"1":19},"f":{"0":3,"1":19},"b":{},"_coverageSchema":"43e27e138ebf9cfc5966b082cf9a028302ed4184","hash":"62ad390d67a38ec1cb8aac83c6eb03854c12746a"}
}
